D:\TOLEK\DYDAKTYKA\2014_10_JESIEN\SOFTWARE ENGINEERING\VI MEETING\MILESTONE_1\SIMBALL_JN_2014_11_28\SIMBALLS_PROJECT\DEBUG\MAIN.OBJ
D:\TOLEK\DYDAKTYKA\2014_10_JESIEN\SOFTWARE ENGINEERING\VI MEETING\MILESTONE_1\SIMBALL_JN_2014_11_28\SIMBALLS_PROJECT\DEBUG\SIMBALL.OBJ
D:\TOLEK\DYDAKTYKA\2014_10_JESIEN\SOFTWARE ENGINEERING\VI MEETING\MILESTONE_1\SIMBALL_JN_2014_11_28\SIMBALLS_PROJECT\DEBUG\VC110.PDB
D:\TOLEK\DYDAKTYKA\2014_10_JESIEN\SOFTWARE ENGINEERING\VI MEETING\LAPTRAINER_04_12_2014\DEBUG\SIMBALLS_PROJECT.ILK
D:\TOLEK\DYDAKTYKA\2014_10_JESIEN\SOFTWARE ENGINEERING\VI MEETING\LAPTRAINER_04_12_2014\DEBUG\SIMBALLS_PROJECT.EXE
D:\TOLEK\DYDAKTYKA\2014_10_JESIEN\SOFTWARE ENGINEERING\VI MEETING\LAPTRAINER_04_12_2014\DEBUG\SIMBALLS_PROJECT.PDB
D:\tolek\dydaktyka\2014_10_jesien\Software Engineering\VI meeting\MILESTONE_1\Simball_JN_2014_11_28\Simballs_project\Debug\main.obj
D:\tolek\dydaktyka\2014_10_jesien\Software Engineering\VI meeting\MILESTONE_1\Simball_JN_2014_11_28\Simballs_project\Debug\Simball.obj
D:\tolek\dydaktyka\2014_10_jesien\Software Engineering\VI meeting\MILESTONE_1\Simball_JN_2014_11_28\Simballs_project\Debug\cl.command.1.tlog
D:\tolek\dydaktyka\2014_10_jesien\Software Engineering\VI meeting\MILESTONE_1\Simball_JN_2014_11_28\Simballs_project\Debug\CL.read.1.tlog
D:\tolek\dydaktyka\2014_10_jesien\Software Engineering\VI meeting\MILESTONE_1\Simball_JN_2014_11_28\Simballs_project\Debug\CL.write.1.tlog
D:\tolek\dydaktyka\2014_10_jesien\Software Engineering\VI meeting\MILESTONE_1\Simball_JN_2014_11_28\Simballs_project\Debug\link-cvtres.read.1.tlog
D:\tolek\dydaktyka\2014_10_jesien\Software Engineering\VI meeting\MILESTONE_1\Simball_JN_2014_11_28\Simballs_project\Debug\link-cvtres.write.1.tlog
D:\tolek\dydaktyka\2014_10_jesien\Software Engineering\VI meeting\MILESTONE_1\Simball_JN_2014_11_28\Simballs_project\Debug\link-rc.read.1.tlog
D:\tolek\dydaktyka\2014_10_jesien\Software Engineering\VI meeting\MILESTONE_1\Simball_JN_2014_11_28\Simballs_project\Debug\link-rc.write.1.tlog
D:\tolek\dydaktyka\2014_10_jesien\Software Engineering\VI meeting\MILESTONE_1\Simball_JN_2014_11_28\Simballs_project\Debug\link.command.1.tlog
D:\tolek\dydaktyka\2014_10_jesien\Software Engineering\VI meeting\MILESTONE_1\Simball_JN_2014_11_28\Simballs_project\Debug\link.read.1.tlog
D:\tolek\dydaktyka\2014_10_jesien\Software Engineering\VI meeting\MILESTONE_1\Simball_JN_2014_11_28\Simballs_project\Debug\link.write.1.tlog
D:\tolek\dydaktyka\2014_10_jesien\Software Engineering\VI meeting\MILESTONE_1\Simball_JN_2014_11_28\Simballs_project\Debug\vc110.idb
D:\tolek\dydaktyka\2014_10_jesien\Software Engineering\VI meeting\MILESTONE_1\Simball_JN_2014_11_28\Simballs_project\Debug\vc110.pdb
D:\tolek\dydaktyka\2014_10_jesien\Software Engineering\VI meeting\LapTrainer_04_12_2014\Debug\Simballs_project.exe
