D:\TOLEK\DYDAKTYKA\2014_10_JESIEN\SOFTWARE ENGINEERING\VI MEETING\LAPTRAINER_04_12_2014\DEBUG\OGRE.OBJ
D:\TOLEK\DYDAKTYKA\2014_10_JESIEN\SOFTWARE ENGINEERING\VI MEETING\LAPTRAINER_04_12_2014\DEBUG\LAPTRAINER.OBJ
D:\TOLEK\DYDAKTYKA\2014_10_JESIEN\SOFTWARE ENGINEERING\VI MEETING\LAPTRAINER_04_12_2014\DEBUG\VC110.PDB
D:\TOLEK\DYDAKTYKA\2014_10_JESIEN\SOFTWARE ENGINEERING\VI MEETING\LAPTRAINER_04_12_2014\DEBUG\LAPTRAINER.ILK
D:\TOLEK\DYDAKTYKA\2014_10_JESIEN\SOFTWARE ENGINEERING\VI MEETING\LAPTRAINER_04_12_2014\DEBUG\LAPTRAINER.EXE
D:\TOLEK\DYDAKTYKA\2014_10_JESIEN\SOFTWARE ENGINEERING\VI MEETING\LAPTRAINER_04_12_2014\DEBUG\LAPTRAINER.PDB
D:\tolek\dydaktyka\2014_10_jesien\Software Engineering\VI meeting\LapTrainer_04_12_2014\Debug\LapTrainer.obj
D:\tolek\dydaktyka\2014_10_jesien\Software Engineering\VI meeting\LapTrainer_04_12_2014\Debug\OGRE.obj
D:\tolek\dydaktyka\2014_10_jesien\Software Engineering\VI meeting\LapTrainer_04_12_2014\Debug\LapTrainer.ilk
D:\tolek\dydaktyka\2014_10_jesien\Software Engineering\VI meeting\LapTrainer_04_12_2014\Debug\Simballs_project.ilk
D:\tolek\dydaktyka\2014_10_jesien\Software Engineering\VI meeting\LapTrainer_04_12_2014\Debug\cl.command.1.tlog
D:\tolek\dydaktyka\2014_10_jesien\Software Engineering\VI meeting\LapTrainer_04_12_2014\Debug\CL.read.1.tlog
D:\tolek\dydaktyka\2014_10_jesien\Software Engineering\VI meeting\LapTrainer_04_12_2014\Debug\CL.write.1.tlog
D:\tolek\dydaktyka\2014_10_jesien\Software Engineering\VI meeting\LapTrainer_04_12_2014\Debug\link-cvtres.read.1.tlog
D:\tolek\dydaktyka\2014_10_jesien\Software Engineering\VI meeting\LapTrainer_04_12_2014\Debug\link-cvtres.write.1.tlog
D:\tolek\dydaktyka\2014_10_jesien\Software Engineering\VI meeting\LapTrainer_04_12_2014\Debug\link-rc.read.1.tlog
D:\tolek\dydaktyka\2014_10_jesien\Software Engineering\VI meeting\LapTrainer_04_12_2014\Debug\link-rc.write.1.tlog
D:\tolek\dydaktyka\2014_10_jesien\Software Engineering\VI meeting\LapTrainer_04_12_2014\Debug\link.command.1.tlog
D:\tolek\dydaktyka\2014_10_jesien\Software Engineering\VI meeting\LapTrainer_04_12_2014\Debug\link.read.1.tlog
D:\tolek\dydaktyka\2014_10_jesien\Software Engineering\VI meeting\LapTrainer_04_12_2014\Debug\link.write.1.tlog
D:\tolek\dydaktyka\2014_10_jesien\Software Engineering\VI meeting\LapTrainer_04_12_2014\Debug\vc110.idb
D:\tolek\dydaktyka\2014_10_jesien\Software Engineering\VI meeting\LapTrainer_04_12_2014\Debug\LapTrainer.pdb
D:\tolek\dydaktyka\2014_10_jesien\Software Engineering\VI meeting\LapTrainer_04_12_2014\Debug\Simballs_project.pdb
D:\tolek\dydaktyka\2014_10_jesien\Software Engineering\VI meeting\LapTrainer_04_12_2014\Debug\vc110.pdb
D:\tolek\dydaktyka\2014_10_jesien\Software Engineering\VI meeting\LapTrainer_04_12_2014\Debug\LapTrainer.exe
