D:\TOLEK\DYDAKTYKA\2014_10_JESIEN\SOFTWARE ENGINEERING\VI MEETING\SIMBALL_JN_2014_11_28\SIMBALLS_PROJECT\RELEASE\SIMBALL.OBJ
D:\TOLEK\DYDAKTYKA\2014_10_JESIEN\SOFTWARE ENGINEERING\VI MEETING\SIMBALL_JN_2014_11_28\SIMBALLS_PROJECT\RELEASE\MAIN.OBJ
D:\TOLEK\DYDAKTYKA\2014_10_JESIEN\SOFTWARE ENGINEERING\VI MEETING\SIMBALL_JN_2014_11_28\SIMBALLS_PROJECT\RELEASE\VC110.PDB
D:\TOLEK\DYDAKTYKA\2014_10_JESIEN\SOFTWARE ENGINEERING\VI MEETING\SIMBALL_JN_2014_11_28\RELEASE\SIMBALLS_PROJECT.EXE
D:\TOLEK\DYDAKTYKA\2014_10_JESIEN\SOFTWARE ENGINEERING\VI MEETING\SIMBALL_JN_2014_11_28\RELEASE\SIMBALLS_PROJECT.PDB
D:\tolek\dydaktyka\2014_10_jesien\Software Engineering\VI meeting\Simball_JN_2014_11_28\Simballs_project\Release\main.obj
D:\tolek\dydaktyka\2014_10_jesien\Software Engineering\VI meeting\Simball_JN_2014_11_28\Simballs_project\Release\Simball.obj
D:\tolek\dydaktyka\2014_10_jesien\Software Engineering\VI meeting\Simball_JN_2014_11_28\Simballs_project\Release\cl.command.1.tlog
D:\tolek\dydaktyka\2014_10_jesien\Software Engineering\VI meeting\Simball_JN_2014_11_28\Simballs_project\Release\CL.read.1.tlog
D:\tolek\dydaktyka\2014_10_jesien\Software Engineering\VI meeting\Simball_JN_2014_11_28\Simballs_project\Release\CL.write.1.tlog
D:\tolek\dydaktyka\2014_10_jesien\Software Engineering\VI meeting\Simball_JN_2014_11_28\Simballs_project\Release\link-cvtres.read.1.tlog
D:\tolek\dydaktyka\2014_10_jesien\Software Engineering\VI meeting\Simball_JN_2014_11_28\Simballs_project\Release\link-cvtres.write.1.tlog
D:\tolek\dydaktyka\2014_10_jesien\Software Engineering\VI meeting\Simball_JN_2014_11_28\Simballs_project\Release\link-rc.read.1.tlog
D:\tolek\dydaktyka\2014_10_jesien\Software Engineering\VI meeting\Simball_JN_2014_11_28\Simballs_project\Release\link-rc.write.1.tlog
D:\tolek\dydaktyka\2014_10_jesien\Software Engineering\VI meeting\Simball_JN_2014_11_28\Simballs_project\Release\link.command.1.tlog
D:\tolek\dydaktyka\2014_10_jesien\Software Engineering\VI meeting\Simball_JN_2014_11_28\Simballs_project\Release\link.read.1.tlog
D:\tolek\dydaktyka\2014_10_jesien\Software Engineering\VI meeting\Simball_JN_2014_11_28\Simballs_project\Release\link.write.1.tlog
D:\tolek\dydaktyka\2014_10_jesien\Software Engineering\VI meeting\Simball_JN_2014_11_28\Simballs_project\Release\vc110.pdb
D:\tolek\dydaktyka\2014_10_jesien\Software Engineering\VI meeting\Simball_JN_2014_11_28\Release\Simballs_project.pdb
D:\tolek\dydaktyka\2014_10_jesien\Software Engineering\VI meeting\Simball_JN_2014_11_28\Release\Simballs_project.exe
